<?xml version="1.0" encoding="UTF-8"?>
<!-- Generated by org.testng.reporters.JUnitReportReporter -->
<testsuite hostname="SEZLP657" failures="0" tests="2" name="Java.ABC.AppTest" time="10.564" errors="0" timestamp="2022-07-07T21:29:47 IST" skipped="0">
  <testcase classname="Java.ABC.AppTest" name="Test2" time="10.546"/>
  <system-out/>
  <testcase classname="Java.ABC.AppTest" name="Test1" time="0.018"/>
  <system-out/>
</testsuite> <!-- Java.ABC.AppTest -->
