<?xml version="1.0" encoding="UTF-8"?>
<!-- Generated by org.testng.reporters.JUnitReportReporter -->
<testsuite hostname="SEZLP657" failures="0" tests="2" name="Java.ABC.App" time="15.138" errors="0" timestamp="2022-07-07T08:59:00 IST" skipped="0">
  <testcase classname="Java.ABC.App" name="Test2" time="15.126"/>
  <system-out/>
  <testcase classname="Java.ABC.App" name="Test1" time="0.012"/>
  <system-out/>
</testsuite> <!-- Java.ABC.App -->
