<?xml version="1.0" encoding="UTF-8"?>
<!-- Generated by org.testng.reporters.JUnitReportReporter -->
<testsuite hostname="SEZLP657" failures="0" tests="2" name="Java.ABC.AppTest" time="17.130" errors="0" timestamp="2022-07-08T11:44:17 IST" skipped="0">
  <testcase classname="Java.ABC.AppTest" name="Test2" time="17.116"/>
  <system-out/>
  <testcase classname="Java.ABC.AppTest" name="Test1" time="0.014"/>
  <system-out/>
</testsuite> <!-- Java.ABC.AppTest -->
